2025-09-16 10:44:49,101 - INFO - Live Plate Detection System initialized
2025-09-16 10:44:49,101 - INFO - Initializing database...
2025-09-16 10:44:49,105 - INFO - Database initialized: detected_plates.db
2025-09-16 10:44:49,105 - INFO - Initializing plate detector...
2025-09-16 10:44:49,105 - INFO - License Plate Detector initialized
2025-09-16 10:44:49,105 - INFO - Initializing video stream: rtsp://admin:H4nd4l9165!@192.168.1.195:554/85
2025-09-16 10:44:49,106 - INFO - Initializing frame processor...
2025-09-16 10:44:49,106 - INFO - FrameProcessor initialized with 4 processing threads
2025-09-16 10:44:49,106 - INFO - Initializing display manager...
2025-09-16 10:44:49,106 - INFO - SSH environment detected - disabling display
2025-09-16 10:44:49,106 - INFO - Fallback display: saving frames to preview_frames
2025-09-16 10:44:49,106 - INFO - Display manager initialized: FallbackDisplayManager
2025-09-16 10:44:49,106 - INFO - All components initialized successfully
2025-09-16 10:44:49,106 - INFO - Starting video stream...
2025-09-16 10:44:49,139 - ERROR - Failed to open video source: rtsp://admin:H4nd4l9165!@192.168.1.195:554/85
2025-09-16 10:44:49,139 - WARNING - RTSP connection failed, retrying in 5s... (attempt 1)
2025-09-16 10:44:56,215 - INFO - Video stream started - Source: rtsp://admin:H4nd4l9165!@192.168.1.195:554/85, FPS: 25.0
2025-09-16 10:44:56,216 - INFO - Starting frame processor...
2025-09-16 10:44:56,216 - INFO - FrameProcessor started
2025-09-16 10:44:56,216 - INFO - Starting display manager...
2025-09-16 10:44:56,216 - INFO - 🚀 Live detection system started successfully!
2025-09-16 10:44:56,481 - INFO - Fallback to English OCR (confidence was 0.0%)
2025-09-16 10:44:56,496 - INFO - Fallback to English OCR (confidence was 0.0%)
2025-09-16 10:44:56,497 - INFO - Fallback to English OCR (confidence was 0.0%)
2025-09-16 10:44:56,498 - INFO - Fallback to English OCR (confidence was 0.0%)
2025-09-16 10:44:56,706 - INFO - Fallback to English OCR (confidence was 0.0%)
2025-09-16 10:44:56,730 - INFO - Fallback to English OCR (confidence was 0.0%)
2025-09-16 10:44:56,751 - INFO - Fallback to English OCR (confidence was 0.0%)
2025-09-16 10:44:56,763 - INFO - Fallback to English OCR (confidence was 0.0%)
2025-09-16 10:44:56,938 - INFO - Fallback to English OCR (confidence was 0.0%)
2025-09-16 10:44:56,960 - INFO - Fallback to English OCR (confidence was 0.0%)
2025-09-16 10:44:56,988 - INFO - Fallback to English OCR (confidence was 0.0%)
2025-09-16 10:44:57,004 - INFO - Fallback to English OCR (confidence was 0.0%)
2025-09-16 10:44:57,160 - INFO - Fallback to English OCR (confidence was 0.0%)
2025-09-16 10:44:57,173 - INFO - Fallback to English OCR (confidence was 0.0%)
2025-09-16 10:44:57,193 - INFO - Fallback to English OCR (confidence was 0.0%)
2025-09-16 10:44:57,224 - INFO - Fallback to English OCR (confidence was 0.0%)
2025-09-16 10:44:57,416 - INFO - Fallback to English OCR (confidence was 0.0%)
2025-09-16 10:44:57,435 - INFO - Fallback to English OCR (confidence was 0.0%)
2025-09-16 10:44:57,452 - INFO - Fallback to English OCR (confidence was 0.0%)
2025-09-16 10:44:57,518 - INFO - Fallback to English OCR (confidence was 0.0%)
2025-09-16 10:44:57,660 - INFO - Fallback to English OCR (confidence was 0.0%)
2025-09-16 10:44:57,686 - INFO - Fallback to English OCR (confidence was 0.0%)
2025-09-16 10:44:57,698 - INFO - Fallback to English OCR (confidence was 0.0%)
2025-09-16 10:44:57,781 - INFO - Fallback to English OCR (confidence was 0.0%)
2025-09-16 10:44:57,922 - INFO - Fallback to English OCR (confidence was 0.0%)
2025-09-16 10:44:57,944 - INFO - Fallback to English OCR (confidence was 0.0%)
2025-09-16 10:44:57,967 - INFO - Fallback to English OCR (confidence was 0.0%)
2025-09-16 10:44:58,022 - INFO - Fallback to English OCR (confidence was 0.0%)
2025-09-16 10:44:58,155 - INFO - Fallback to English OCR (confidence was 0.0%)
2025-09-16 10:44:58,182 - INFO - Fallback to English OCR (confidence was 0.0%)
2025-09-16 10:44:58,212 - INFO - Fallback to English OCR (confidence was 0.0%)
2025-09-16 10:44:58,260 - INFO - Fallback to English OCR (confidence was 0.0%)
2025-09-16 10:44:58,372 - INFO - Fallback to English OCR (confidence was 0.0%)
2025-09-16 10:44:58,406 - INFO - Fallback to English OCR (confidence was 0.0%)
2025-09-16 10:44:58,473 - INFO - Fallback to English OCR (confidence was 0.0%)
2025-09-16 10:44:58,488 - INFO - Fallback to English OCR (confidence was 0.0%)
2025-09-16 10:44:58,609 - INFO - Fallback to English OCR (confidence was 0.0%)
2025-09-16 10:44:58,628 - INFO - Fallback to English OCR (confidence was 0.0%)
2025-09-16 10:44:58,714 - INFO - Fallback to English OCR (confidence was 0.0%)
2025-09-16 10:44:58,717 - INFO - Fallback to English OCR (confidence was 0.0%)
2025-09-16 10:44:58,834 - INFO - Fallback to English OCR (confidence was 0.0%)
2025-09-16 10:44:58,870 - INFO - Fallback to English OCR (confidence was 0.0%)
2025-09-16 10:44:58,923 - INFO - Fallback to English OCR (confidence was 0.0%)
2025-09-16 10:44:58,944 - INFO - Fallback to English OCR (confidence was 0.0%)
2025-09-16 10:44:59,056 - INFO - Fallback to English OCR (confidence was 0.0%)
2025-09-16 10:44:59,089 - INFO - Fallback to English OCR (confidence was 0.0%)
2025-09-16 10:44:59,165 - INFO - Fallback to English OCR (confidence was 0.0%)
2025-09-16 10:44:59,181 - INFO - Fallback to English OCR (confidence was 0.0%)
2025-09-16 10:44:59,291 - INFO - Fallback to English OCR (confidence was 0.0%)
2025-09-16 10:44:59,336 - INFO - Fallback to English OCR (confidence was 0.0%)
2025-09-16 10:44:59,403 - INFO - Fallback to English OCR (confidence was 0.0%)
2025-09-16 10:44:59,447 - INFO - Fallback to English OCR (confidence was 0.0%)
2025-09-16 10:44:59,502 - INFO - Fallback to English OCR (confidence was 0.0%)
2025-09-16 10:44:59,569 - INFO - Fallback to English OCR (confidence was 0.0%)
2025-09-16 10:44:59,651 - INFO - Fallback to English OCR (confidence was 0.0%)
2025-09-16 10:44:59,669 - INFO - Fallback to English OCR (confidence was 0.0%)
2025-09-16 10:44:59,735 - INFO - Fallback to English OCR (confidence was 0.0%)
2025-09-16 10:44:59,823 - INFO - Fallback to English OCR (confidence was 0.0%)
2025-09-16 10:44:59,888 - INFO - Fallback to English OCR (confidence was 0.0%)
2025-09-16 10:44:59,935 - INFO - Fallback to English OCR (confidence was 0.0%)
2025-09-16 10:44:59,972 - INFO - Fallback to English OCR (confidence was 0.0%)
2025-09-16 10:45:00,045 - INFO - Fallback to English OCR (confidence was 0.0%)
2025-09-16 10:45:00,126 - INFO - Fallback to English OCR (confidence was 0.0%)
2025-09-16 10:45:00,147 - INFO - Fallback to English OCR (confidence was 0.0%)
2025-09-16 10:45:00,191 - INFO - Fallback to English OCR (confidence was 0.0%)
2025-09-16 10:45:00,280 - INFO - Fallback to English OCR (confidence was 0.0%)
2025-09-16 10:45:00,334 - INFO - Fallback to English OCR (confidence was 0.0%)
2025-09-16 10:45:00,377 - INFO - Fallback to English OCR (confidence was 0.0%)
2025-09-16 10:45:00,472 - INFO - Fallback to English OCR (confidence was 0.0%)
2025-09-16 10:45:00,509 - INFO - Fallback to English OCR (confidence was 0.0%)
2025-09-16 10:45:00,579 - INFO - Fallback to English OCR (confidence was 0.0%)
2025-09-16 10:45:00,681 - INFO - Fallback to English OCR (confidence was 0.0%)
2025-09-16 10:45:00,725 - INFO - Fallback to English OCR (confidence was 0.0%)
2025-09-16 10:45:00,798 - INFO - Fallback to English OCR (confidence was 0.0%)
2025-09-16 10:45:00,877 - INFO - Fallback to English OCR (confidence was 0.0%)
2025-09-16 10:45:00,903 - INFO - Fallback to English OCR (confidence was 0.0%)
2025-09-16 10:45:00,976 - INFO - Fallback to English OCR (confidence was 0.0%)
2025-09-16 10:45:01,058 - INFO - Fallback to English OCR (confidence was 0.0%)
2025-09-16 10:45:01,103 - INFO - Fallback to English OCR (confidence was 0.0%)
2025-09-16 10:45:01,172 - INFO - Fallback to English OCR (confidence was 0.0%)
2025-09-16 10:45:01,254 - INFO - Fallback to English OCR (confidence was 0.0%)
2025-09-16 10:45:01,304 - INFO - Fallback to English OCR (confidence was 0.0%)
2025-09-16 10:45:01,391 - INFO - Fallback to English OCR (confidence was 0.0%)
2025-09-16 10:45:01,447 - INFO - Fallback to English OCR (confidence was 0.0%)
2025-09-16 10:45:01,498 - INFO - Fallback to English OCR (confidence was 0.0%)
2025-09-16 10:45:01,590 - INFO - Fallback to English OCR (confidence was 0.0%)
2025-09-16 10:45:01,653 - INFO - Fallback to English OCR (confidence was 0.0%)
2025-09-16 10:45:01,695 - INFO - Fallback to English OCR (confidence was 0.0%)
2025-09-16 10:45:01,784 - INFO - Fallback to English OCR (confidence was 0.0%)
2025-09-16 10:45:01,876 - INFO - Fallback to English OCR (confidence was 0.0%)
2025-09-16 10:45:01,916 - INFO - Fallback to English OCR (confidence was 0.0%)
2025-09-16 10:45:01,981 - INFO - Fallback to English OCR (confidence was 0.0%)
2025-09-16 10:45:02,065 - INFO - Fallback to English OCR (confidence was 0.0%)
2025-09-16 10:45:02,120 - INFO - Fallback to English OCR (confidence was 0.0%)
2025-09-16 10:45:02,189 - INFO - Fallback to English OCR (confidence was 0.0%)
2025-09-16 10:45:02,268 - INFO - Fallback to English OCR (confidence was 0.0%)
2025-09-16 10:45:02,303 - INFO - Fallback to English OCR (confidence was 0.0%)
2025-09-16 10:45:02,394 - INFO - Fallback to English OCR (confidence was 0.0%)
2025-09-16 10:45:02,470 - INFO - Fallback to English OCR (confidence was 0.0%)
2025-09-16 10:45:02,503 - INFO - Fallback to English OCR (confidence was 0.0%)
2025-09-16 10:45:02,576 - INFO - Fallback to English OCR (confidence was 0.0%)
2025-09-16 10:45:02,660 - INFO - Fallback to English OCR (confidence was 0.0%)
2025-09-16 10:45:02,721 - INFO - Fallback to English OCR (confidence was 0.0%)
2025-09-16 10:45:02,807 - INFO - Fallback to English OCR (confidence was 0.0%)
2025-09-16 10:45:02,827 - INFO - Fallback to English OCR (confidence was 0.0%)
2025-09-16 10:45:02,925 - INFO - Fallback to English OCR (confidence was 0.0%)
2025-09-16 10:45:02,992 - INFO - Fallback to English OCR (confidence was 0.0%)
2025-09-16 10:45:03,040 - INFO - Fallback to English OCR (confidence was 0.0%)
2025-09-16 10:45:03,122 - INFO - Fallback to English OCR (confidence was 0.0%)
2025-09-16 10:45:03,149 - INFO - Fallback to English OCR (confidence was 0.0%)
2025-09-16 10:45:03,239 - INFO - Fallback to English OCR (confidence was 0.0%)
2025-09-16 10:45:03,294 - INFO - Fallback to English OCR (confidence was 0.0%)
2025-09-16 10:45:03,346 - INFO - Fallback to English OCR (confidence was 0.0%)
2025-09-16 10:45:03,379 - INFO - Fallback to English OCR (confidence was 0.0%)
2025-09-16 10:45:03,450 - INFO - Fallback to English OCR (confidence was 0.0%)
2025-09-16 10:45:03,561 - INFO - Fallback to English OCR (confidence was 0.0%)
2025-09-16 10:45:03,650 - INFO - Fallback to English OCR (confidence was 0.0%)
2025-09-16 10:45:03,763 - INFO - Fallback to English OCR (confidence was 0.0%)
2025-09-16 10:45:03,846 - INFO - Fallback to English OCR (confidence was 0.0%)
2025-09-16 10:45:03,946 - INFO - Fallback to English OCR (confidence was 0.0%)
2025-09-16 10:45:03,962 - INFO - Fallback to English OCR (confidence was 0.0%)
2025-09-16 10:45:04,083 - INFO - Fallback to English OCR (confidence was 0.0%)
2025-09-16 10:45:04,132 - INFO - Fallback to English OCR (confidence was 0.0%)
2025-09-16 10:45:04,215 - INFO - Fallback to English OCR (confidence was 0.0%)
2025-09-16 10:45:04,256 - INFO - Fallback to English OCR (confidence was 0.0%)
2025-09-16 10:45:04,393 - INFO - Fallback to English OCR (confidence was 0.0%)
2025-09-16 10:45:04,536 - INFO - Fallback to English OCR (confidence was 0.0%)
2025-09-16 10:45:04,557 - INFO - Fallback to English OCR (confidence was 0.0%)
2025-09-16 10:45:04,609 - INFO - Fallback to English OCR (confidence was 0.0%)
2025-09-16 10:45:04,769 - INFO - Fallback to English OCR (confidence was 0.0%)
2025-09-16 10:45:04,894 - INFO - Fallback to English OCR (confidence was 0.0%)
2025-09-16 10:45:05,028 - INFO - Fallback to English OCR (confidence was 0.0%)
2025-09-16 10:45:05,057 - INFO - Fallback to English OCR (confidence was 0.0%)
2025-09-16 10:45:05,481 - INFO - Fallback to English OCR (confidence was 0.0%)
2025-09-16 10:45:05,610 - INFO - Fallback to English OCR (confidence was 0.0%)
2025-09-16 10:45:05,637 - INFO - Fallback to English OCR (confidence was 0.0%)
2025-09-16 10:45:05,694 - INFO - Fallback to English OCR (confidence was 0.0%)
2025-09-16 10:45:05,992 - INFO - Fallback to English OCR (confidence was 0.0%)
2025-09-16 10:45:06,005 - INFO - Fallback to English OCR (confidence was 0.0%)
2025-09-16 10:45:06,033 - INFO - Fallback to English OCR (confidence was 0.0%)
2025-09-16 10:45:06,069 - INFO - Fallback to English OCR (confidence was 0.0%)
2025-09-16 10:45:06,227 - INFO - Fallback to English OCR (confidence was 0.0%)
2025-09-16 10:45:06,258 - INFO - Fallback to English OCR (confidence was 0.0%)
2025-09-16 10:45:06,298 - INFO - Fallback to English OCR (confidence was 0.0%)
2025-09-16 10:45:06,320 - INFO - Fallback to English OCR (confidence was 0.0%)
2025-09-16 10:45:06,463 - INFO - Fallback to English OCR (confidence was 0.0%)
2025-09-16 10:45:06,496 - INFO - Fallback to English OCR (confidence was 0.0%)
2025-09-16 10:45:06,529 - INFO - Fallback to English OCR (confidence was 0.0%)
2025-09-16 10:45:06,570 - INFO - Fallback to English OCR (confidence was 0.0%)
2025-09-16 10:45:06,862 - INFO - Fallback to English OCR (confidence was 0.0%)
2025-09-16 10:45:06,969 - INFO - Fallback to English OCR (confidence was 0.0%)
2025-09-16 10:45:06,984 - INFO - Fallback to English OCR (confidence was 0.0%)
2025-09-16 10:45:07,029 - INFO - Fallback to English OCR (confidence was 0.0%)
2025-09-16 10:45:07,211 - INFO - Fallback to English OCR (confidence was 0.0%)
2025-09-16 10:45:07,267 - INFO - Fallback to English OCR (confidence was 0.0%)
2025-09-16 10:45:07,294 - INFO - Fallback to English OCR (confidence was 0.0%)
2025-09-16 10:45:07,295 - INFO - Fallback to English OCR (confidence was 0.0%)
2025-09-16 10:45:07,455 - INFO - Fallback to English OCR (confidence was 0.0%)
2025-09-16 10:45:07,493 - INFO - Fallback to English OCR (confidence was 0.0%)
2025-09-16 10:45:07,528 - INFO - Fallback to English OCR (confidence was 0.0%)
2025-09-16 10:45:07,560 - INFO - Fallback to English OCR (confidence was 0.0%)
2025-09-16 10:45:07,708 - INFO - Fallback to English OCR (confidence was 0.0%)
2025-09-16 10:45:07,722 - INFO - Fallback to English OCR (confidence was 0.0%)
2025-09-16 10:45:07,755 - INFO - Fallback to English OCR (confidence was 0.0%)
2025-09-16 10:45:07,836 - INFO - Fallback to English OCR (confidence was 0.0%)
2025-09-16 10:45:07,964 - INFO - Fallback to English OCR (confidence was 0.0%)
2025-09-16 10:45:08,007 - INFO - Fallback to English OCR (confidence was 0.0%)
2025-09-16 10:45:08,018 - INFO - Fallback to English OCR (confidence was 0.0%)
2025-09-16 10:45:08,063 - INFO - Fallback to English OCR (confidence was 0.0%)
2025-09-16 10:45:08,196 - INFO - Fallback to English OCR (confidence was 0.0%)
2025-09-16 10:45:08,239 - INFO - Fallback to English OCR (confidence was 0.0%)
2025-09-16 10:45:08,297 - INFO - Fallback to English OCR (confidence was 0.0%)
2025-09-16 10:45:08,324 - INFO - Fallback to English OCR (confidence was 0.0%)
2025-09-16 10:45:08,469 - INFO - Fallback to English OCR (confidence was 0.0%)
2025-09-16 10:45:08,494 - INFO - Fallback to English OCR (confidence was 0.0%)
2025-09-16 10:45:08,577 - INFO - Fallback to English OCR (confidence was 0.0%)
2025-09-16 10:45:08,627 - INFO - Fallback to English OCR (confidence was 0.0%)
2025-09-16 10:45:08,778 - INFO - Fallback to English OCR (confidence was 0.0%)
2025-09-16 10:45:08,807 - INFO - Fallback to English OCR (confidence was 0.0%)
2025-09-16 10:45:08,849 - INFO - Fallback to English OCR (confidence was 0.0%)
2025-09-16 10:45:08,928 - INFO - Fallback to English OCR (confidence was 0.0%)
2025-09-16 10:45:09,066 - INFO - Fallback to English OCR (confidence was 0.0%)
2025-09-16 10:45:09,125 - INFO - Fallback to English OCR (confidence was 0.0%)
2025-09-16 10:45:09,173 - INFO - Fallback to English OCR (confidence was 0.0%)
2025-09-16 10:45:09,226 - INFO - Fallback to English OCR (confidence was 0.0%)
2025-09-16 10:45:09,414 - INFO - Fallback to English OCR (confidence was 0.0%)
2025-09-16 10:45:09,498 - INFO - Fallback to English OCR (confidence was 0.0%)
2025-09-16 10:45:09,565 - INFO - Fallback to English OCR (confidence was 0.0%)
2025-09-16 10:45:09,817 - INFO - Fallback to English OCR (confidence was 0.0%)
2025-09-16 10:45:10,122 - INFO - Fallback to English OCR (confidence was 0.0%)
2025-09-16 10:45:10,230 - INFO - Fallback to English OCR (confidence was 0.0%)
2025-09-16 10:45:10,277 - INFO - Fallback to English OCR (confidence was 0.0%)
2025-09-16 10:45:10,340 - INFO - Fallback to English OCR (confidence was 0.0%)
2025-09-16 10:45:10,575 - INFO - Fallback to English OCR (confidence was 0.0%)
2025-09-16 10:45:10,843 - INFO - Fallback to English OCR (confidence was 0.0%)
2025-09-16 10:45:10,885 - INFO - Fallback to English OCR (confidence was 0.0%)
2025-09-16 10:45:11,017 - INFO - Fallback to English OCR (confidence was 0.0%)
2025-09-16 10:45:11,288 - INFO - Fallback to English OCR (confidence was 0.0%)
2025-09-16 10:45:11,409 - INFO - Fallback to English OCR (confidence was 0.0%)
2025-09-16 10:45:11,411 - INFO - Fallback to English OCR (confidence was 0.0%)
2025-09-16 10:45:11,473 - INFO - Fallback to English OCR (confidence was 0.0%)
2025-09-16 10:45:11,656 - INFO - Fallback to English OCR (confidence was 0.0%)
2025-09-16 10:45:11,674 - INFO - Fallback to English OCR (confidence was 0.0%)
2025-09-16 10:45:11,717 - INFO - Fallback to English OCR (confidence was 0.0%)
2025-09-16 10:45:11,737 - INFO - Fallback to English OCR (confidence was 0.0%)
2025-09-16 10:45:11,887 - INFO - Fallback to English OCR (confidence was 0.0%)
2025-09-16 10:45:11,900 - INFO - Fallback to English OCR (confidence was 0.0%)
2025-09-16 10:45:11,948 - INFO - Fallback to English OCR (confidence was 0.0%)
2025-09-16 10:45:11,976 - INFO - Fallback to English OCR (confidence was 0.0%)
2025-09-16 10:45:12,107 - INFO - Fallback to English OCR (confidence was 0.0%)
2025-09-16 10:45:12,136 - INFO - Fallback to English OCR (confidence was 0.0%)
2025-09-16 10:45:12,180 - INFO - Fallback to English OCR (confidence was 0.0%)
2025-09-16 10:45:12,199 - INFO - Fallback to English OCR (confidence was 0.0%)
2025-09-16 10:45:12,328 - INFO - Fallback to English OCR (confidence was 0.0%)
2025-09-16 10:45:12,359 - INFO - Fallback to English OCR (confidence was 0.0%)
2025-09-16 10:45:12,404 - INFO - Fallback to English OCR (confidence was 0.0%)
2025-09-16 10:45:12,427 - INFO - Fallback to English OCR (confidence was 0.0%)
2025-09-16 10:45:12,572 - INFO - Fallback to English OCR (confidence was 0.0%)
2025-09-16 10:45:12,616 - INFO - Fallback to English OCR (confidence was 0.0%)
2025-09-16 10:45:12,672 - INFO - Fallback to English OCR (confidence was 0.0%)
2025-09-16 10:45:12,713 - INFO - Fallback to English OCR (confidence was 0.0%)
2025-09-16 10:45:12,845 - INFO - Fallback to English OCR (confidence was 0.0%)
2025-09-16 10:45:12,898 - INFO - Fallback to English OCR (confidence was 0.0%)
2025-09-16 10:45:12,939 - INFO - Fallback to English OCR (confidence was 0.0%)
2025-09-16 10:45:12,981 - INFO - Fallback to English OCR (confidence was 0.0%)
2025-09-16 10:45:13,114 - INFO - Fallback to English OCR (confidence was 0.0%)
2025-09-16 10:45:13,158 - INFO - Fallback to English OCR (confidence was 0.0%)
2025-09-16 10:45:13,209 - INFO - Fallback to English OCR (confidence was 0.0%)
2025-09-16 10:45:13,274 - INFO - Fallback to English OCR (confidence was 0.0%)
2025-09-16 10:45:13,398 - INFO - Fallback to English OCR (confidence was 0.0%)
2025-09-16 10:45:14,452 - INFO - Fallback to English OCR (confidence was 0.0%)
2025-09-16 10:45:14,470 - INFO - Fallback to English OCR (confidence was 0.0%)
2025-09-16 10:45:14,581 - INFO - Fallback to English OCR (confidence was 0.0%)
2025-09-16 10:45:14,606 - INFO - Fallback to English OCR (confidence was 0.0%)
2025-09-16 10:45:14,711 - INFO - Fallback to English OCR (confidence was 0.0%)
2025-09-16 10:45:14,724 - INFO - Fallback to English OCR (confidence was 0.0%)
2025-09-16 10:45:14,813 - INFO - Fallback to English OCR (confidence was 0.0%)
2025-09-16 10:45:14,834 - INFO - Fallback to English OCR (confidence was 0.0%)
2025-09-16 10:45:14,987 - INFO - Fallback to English OCR (confidence was 0.0%)
2025-09-16 10:45:14,989 - INFO - Fallback to English OCR (confidence was 0.0%)
2025-09-16 10:45:15,115 - INFO - Fallback to English OCR (confidence was 0.0%)
2025-09-16 10:45:15,116 - INFO - Fallback to English OCR (confidence was 0.0%)
2025-09-16 10:45:15,265 - INFO - Fallback to English OCR (confidence was 0.0%)
2025-09-16 10:45:15,332 - INFO - Fallback to English OCR (confidence was 0.0%)
2025-09-16 10:45:15,399 - INFO - Fallback to English OCR (confidence was 0.0%)
2025-09-16 10:45:15,400 - INFO - Fallback to English OCR (confidence was 0.0%)
2025-09-16 10:45:15,631 - INFO - Fallback to English OCR (confidence was 0.0%)
2025-09-16 10:45:15,665 - INFO - Fallback to English OCR (confidence was 0.0%)
2025-09-16 10:45:15,751 - INFO - Fallback to English OCR (confidence was 41.0%)
2025-09-16 10:45:15,769 - INFO - Fallback to English OCR (confidence was 41.0%)
2025-09-16 10:45:15,876 - INFO - Fallback to English OCR (confidence was 41.0%)
2025-09-16 10:45:15,927 - INFO - Fallback to English OCR (confidence was 41.0%)
2025-09-16 10:45:15,991 - INFO - Fallback to English OCR (confidence was 0.0%)
2025-09-16 10:45:16,021 - INFO - Fallback to English OCR (confidence was 0.0%)
2025-09-16 10:45:16,180 - INFO - Fallback to English OCR (confidence was 0.0%)
2025-09-16 10:45:16,194 - INFO - Fallback to English OCR (confidence was 0.0%)
2025-09-16 10:45:16,225 - INFO - Fallback to English OCR (confidence was 0.0%)
2025-09-16 10:45:16,243 - INFO - Fallback to English OCR (confidence was 0.0%)
2025-09-16 10:45:16,524 - INFO - Fallback to English OCR (confidence was 0.0%)
2025-09-16 10:45:16,574 - INFO - Fallback to English OCR (confidence was 0.0%)
2025-09-16 10:45:16,663 - INFO - Fallback to English OCR (confidence was 0.0%)
2025-09-16 10:45:16,735 - INFO - Fallback to English OCR (confidence was 0.0%)
2025-09-16 10:45:16,879 - INFO - Fallback to English OCR (confidence was 0.0%)
2025-09-16 10:45:16,919 - INFO - Fallback to English OCR (confidence was 0.0%)
2025-09-16 10:45:17,051 - INFO - Fallback to English OCR (confidence was 0.0%)
2025-09-16 10:45:17,100 - INFO - Fallback to English OCR (confidence was 0.0%)
2025-09-16 10:45:17,214 - INFO - Fallback to English OCR (confidence was 0.0%)
2025-09-16 10:45:17,272 - INFO - Fallback to English OCR (confidence was 0.0%)
2025-09-16 10:45:17,360 - INFO - Fallback to English OCR (confidence was 41.0%)
2025-09-16 10:45:17,378 - INFO - Fallback to English OCR (confidence was 41.0%)
2025-09-16 10:45:17,491 - INFO - Fallback to English OCR (confidence was 41.0%)
2025-09-16 10:45:17,556 - INFO - Fallback to English OCR (confidence was 41.0%)
2025-09-16 10:45:17,643 - INFO - Fallback to English OCR (confidence was 0.0%)
2025-09-16 10:45:17,663 - INFO - Fallback to English OCR (confidence was 0.0%)
2025-09-16 10:45:17,816 - INFO - Fallback to English OCR (confidence was 0.0%)
2025-09-16 10:45:17,875 - INFO - Fallback to English OCR (confidence was 0.0%)
2025-09-16 10:45:17,931 - INFO - Fallback to English OCR (confidence was 0.0%)
2025-09-16 10:45:17,933 - INFO - Fallback to English OCR (confidence was 0.0%)
2025-09-16 10:45:18,116 - INFO - Fallback to English OCR (confidence was 0.0%)
2025-09-16 10:45:18,132 - INFO - Fallback to English OCR (confidence was 0.0%)
2025-09-16 10:45:18,234 - INFO - Fallback to English OCR (confidence was 0.0%)
2025-09-16 10:45:18,255 - INFO - Fallback to English OCR (confidence was 0.0%)
2025-09-16 10:45:18,449 - INFO - Fallback to English OCR (confidence was 0.0%)
2025-09-16 10:45:18,469 - INFO - Fallback to English OCR (confidence was 0.0%)
2025-09-16 10:45:18,521 - INFO - Fallback to English OCR (confidence was 0.0%)
2025-09-16 10:45:18,604 - INFO - Fallback to English OCR (confidence was 0.0%)
2025-09-16 10:45:18,710 - INFO - Fallback to English OCR (confidence was 0.0%)
2025-09-16 10:45:18,773 - INFO - Fallback to English OCR (confidence was 0.0%)
2025-09-16 10:45:18,791 - INFO - Fallback to English OCR (confidence was 0.0%)
2025-09-16 10:45:18,893 - INFO - Fallback to English OCR (confidence was 0.0%)
2025-09-16 10:45:18,975 - INFO - Fallback to English OCR (confidence was 0.0%)
2025-09-16 10:45:19,043 - INFO - Fallback to English OCR (confidence was 0.0%)
2025-09-16 10:45:19,060 - INFO - Fallback to English OCR (confidence was 0.0%)
2025-09-16 10:45:19,155 - INFO - Fallback to English OCR (confidence was 0.0%)
2025-09-16 10:45:19,206 - INFO - Fallback to English OCR (confidence was 0.0%)
2025-09-16 10:45:19,315 - INFO - Fallback to English OCR (confidence was 0.0%)
2025-09-16 10:45:19,330 - INFO - Fallback to English OCR (confidence was 0.0%)
2025-09-16 10:45:19,446 - INFO - Fallback to English OCR (confidence was 0.0%)
2025-09-16 10:45:19,499 - INFO - Fallback to English OCR (confidence was 0.0%)
2025-09-16 10:45:19,591 - INFO - Fallback to English OCR (confidence was 0.0%)
2025-09-16 10:45:19,611 - INFO - Fallback to English OCR (confidence was 0.0%)
2025-09-16 10:45:19,716 - INFO - Fallback to English OCR (confidence was 0.0%)
2025-09-16 10:45:19,771 - INFO - Fallback to English OCR (confidence was 0.0%)
2025-09-16 10:45:19,849 - INFO - Fallback to English OCR (confidence was 0.0%)
2025-09-16 10:45:19,877 - INFO - Fallback to English OCR (confidence was 0.0%)
2025-09-16 10:45:19,961 - INFO - Fallback to English OCR (confidence was 0.0%)
2025-09-16 10:45:20,003 - INFO - Fallback to English OCR (confidence was 0.0%)
2025-09-16 10:45:20,074 - INFO - Fallback to English OCR (confidence was 0.0%)
2025-09-16 10:45:20,097 - INFO - Fallback to English OCR (confidence was 0.0%)
2025-09-16 10:45:20,193 - INFO - Fallback to English OCR (confidence was 0.0%)
2025-09-16 10:45:20,267 - INFO - Fallback to English OCR (confidence was 0.0%)
2025-09-16 10:45:20,310 - INFO - Fallback to English OCR (confidence was 0.0%)
2025-09-16 10:45:20,349 - INFO - Fallback to English OCR (confidence was 0.0%)
2025-09-16 10:45:20,448 - INFO - Fallback to English OCR (confidence was 0.0%)
2025-09-16 10:45:20,528 - INFO - Fallback to English OCR (confidence was 0.0%)
2025-09-16 10:45:20,568 - INFO - Fallback to English OCR (confidence was 0.0%)
2025-09-16 10:45:20,662 - INFO - Fallback to English OCR (confidence was 0.0%)
2025-09-16 10:45:20,768 - INFO - Fallback to English OCR (confidence was 0.0%)
2025-09-16 10:45:20,840 - INFO - Fallback to English OCR (confidence was 0.0%)
2025-09-16 10:45:20,886 - INFO - Fallback to English OCR (confidence was 0.0%)
2025-09-16 10:45:20,938 - INFO - Fallback to English OCR (confidence was 0.0%)
2025-09-16 10:45:21,071 - INFO - Fallback to English OCR (confidence was 0.0%)
2025-09-16 10:45:21,145 - INFO - Fallback to English OCR (confidence was 0.0%)
2025-09-16 10:45:21,195 - INFO - Fallback to English OCR (confidence was 0.0%)
2025-09-16 10:45:21,208 - INFO - Fallback to English OCR (confidence was 0.0%)
2025-09-16 10:45:21,321 - INFO - Fallback to English OCR (confidence was 0.0%)
2025-09-16 10:45:21,395 - INFO - Fallback to English OCR (confidence was 0.0%)
2025-09-16 10:45:21,434 - INFO - Fallback to English OCR (confidence was 0.0%)
2025-09-16 10:45:21,456 - INFO - Fallback to English OCR (confidence was 0.0%)
2025-09-16 10:45:21,560 - INFO - Fallback to English OCR (confidence was 0.0%)
2025-09-16 10:45:21,645 - INFO - Fallback to English OCR (confidence was 0.0%)
2025-09-16 10:45:21,659 - INFO - Fallback to English OCR (confidence was 0.0%)
2025-09-16 10:45:21,688 - INFO - Fallback to English OCR (confidence was 0.0%)
2025-09-16 10:45:21,823 - INFO - Fallback to English OCR (confidence was 0.0%)
2025-09-16 10:45:21,908 - INFO - Fallback to English OCR (confidence was 0.0%)
2025-09-16 10:45:21,909 - INFO - Fallback to English OCR (confidence was 0.0%)
2025-09-16 10:45:21,972 - INFO - Fallback to English OCR (confidence was 0.0%)
2025-09-16 10:45:22,120 - INFO - Fallback to English OCR (confidence was 0.0%)
2025-09-16 10:45:22,259 - INFO - Fallback to English OCR (confidence was 0.0%)
2025-09-16 10:45:22,264 - INFO - Fallback to English OCR (confidence was 0.0%)
2025-09-16 10:45:22,287 - INFO - Fallback to English OCR (confidence was 0.0%)
2025-09-16 10:45:22,404 - INFO - Fallback to English OCR (confidence was 0.0%)
2025-09-16 10:45:22,498 - INFO - Fallback to English OCR (confidence was 0.0%)
2025-09-16 10:45:22,500 - INFO - Fallback to English OCR (confidence was 0.0%)
2025-09-16 10:45:22,524 - INFO - Fallback to English OCR (confidence was 0.0%)
2025-09-16 10:45:22,613 - INFO - Fallback to English OCR (confidence was 0.0%)
2025-09-16 10:45:22,713 - INFO - Fallback to English OCR (confidence was 0.0%)
2025-09-16 10:45:22,728 - INFO - Fallback to English OCR (confidence was 0.0%)
2025-09-16 10:45:22,758 - INFO - Fallback to English OCR (confidence was 0.0%)
2025-09-16 10:45:22,825 - INFO - Fallback to English OCR (confidence was 0.0%)
2025-09-16 10:45:22,944 - INFO - Fallback to English OCR (confidence was 0.0%)
2025-09-16 10:45:22,962 - INFO - Fallback to English OCR (confidence was 0.0%)
2025-09-16 10:45:22,982 - INFO - Fallback to English OCR (confidence was 0.0%)
2025-09-16 10:45:23,046 - INFO - Fallback to English OCR (confidence was 0.0%)
2025-09-16 10:45:23,167 - INFO - Fallback to English OCR (confidence was 0.0%)
2025-09-16 10:45:23,196 - INFO - Fallback to English OCR (confidence was 0.0%)
2025-09-16 10:45:23,244 - INFO - Fallback to English OCR (confidence was 0.0%)
2025-09-16 10:45:23,319 - INFO - Fallback to English OCR (confidence was 0.0%)
2025-09-16 10:45:23,465 - INFO - Fallback to English OCR (confidence was 0.0%)
2025-09-16 10:45:23,520 - INFO - Fallback to English OCR (confidence was 0.0%)
2025-09-16 10:45:23,524 - INFO - Fallback to English OCR (confidence was 0.0%)
2025-09-16 10:57:40,485 - INFO - Live Plate Detection System initialized
2025-09-16 10:57:40,485 - INFO - Initializing database...
2025-09-16 10:57:40,486 - INFO - Database initialized: detected_plates.db
2025-09-16 10:57:40,486 - INFO - Initializing plate detector...
2025-09-16 10:57:40,486 - INFO - License Plate Detector initialized
2025-09-16 10:57:40,486 - INFO - Initializing video stream: SOURCE
2025-09-16 10:57:40,486 - INFO - Initializing frame processor...
2025-09-16 10:57:40,486 - INFO - FrameProcessor initialized with 4 processing threads
2025-09-16 10:57:40,486 - INFO - Initializing display manager...
2025-09-16 10:57:40,486 - INFO - SSH environment detected - disabling display
2025-09-16 10:57:40,486 - INFO - Fallback display: saving frames to preview_frames
2025-09-16 10:57:40,486 - INFO - Display manager initialized: FallbackDisplayManager
2025-09-16 10:57:40,486 - INFO - All components initialized successfully
2025-09-16 10:57:40,486 - INFO - Starting video stream...
2025-09-16 10:57:40,491 - ERROR - Failed to open video source: SOURCE
2025-09-16 10:57:40,491 - ERROR - Failed to start video stream
2025-09-16 10:57:40,518 - INFO - Stopping video stream...
2025-09-16 10:57:40,519 - INFO - Video stream stopped
2025-09-16 11:22:09,163 - INFO - Live Plate Detection System initialized
2025-09-16 11:22:09,163 - INFO - Initializing database...
2025-09-16 11:22:09,166 - INFO - Database initialized: detected_plates.db
2025-09-16 11:22:09,166 - INFO - Initializing plate detector...
2025-09-16 11:22:09,416 - INFO - Enhanced License Plate Detector initialized
2025-09-16 11:22:09,416 - INFO - Super Resolution Enhancer initialized
2025-09-16 11:22:09,416 - INFO - OCR Ensemble initialized
2025-09-16 11:22:09,416 - ERROR - Error initializing components: 'LicensePlateDetector' object has no attribute 'logger'
